0:100  0:100  MemLog inited, TSC freq: 2494224956
0:100  0:000  CPU was calibrated with ACPI PM Timer
0:100  0:000  
0:100  0:000  Now is 7.4.2019,  15:48:44 (GMT)
0:100  0:000  Starting Clover revision: 4915 on American Megatrends EFI
0:100  0:000  Build with: [Args: -mc --no-usb -D NO_GRUB_DRIVERS_EMBEDDED -t XCODE8 | -D DISABLE_USB_SUPPORT -D NO_GRUB_DRIVERS_EMBEDDED --conf=/Users/aron/src/edk2/Conf -D USE_BIOS_BLOCKIO -D USE_LOW_EBDA -a X64 -b RELEASE -t XCODE8 -n 9 | OS: 10.14.4 | XCODE: 10.2]
0:100  0:000  SelfDevicePath=PciRoot(0x0)\Pci(0x1F,0x2)\Sata(0x4,0xFFFF,0x0)\HD(1,GPT,1CD976F9-3503-4490-8E87-3FD3C97AEA1B,0x28,0x64000) @C80B9518
0:100  0:000  SelfDirPath = \EFI\CLOVER
0:100  0:000  === [ Get Smbios ] ========================================
0:100  0:000  Type 16 Index = 0
0:100  0:000  Total Memory Slots Count = 4
0:100  0:000  Type 17 Index = 0
0:100  0:000  SmbiosTable.Type17->Speed = 1600MHz
0:100  0:000  SmbiosTable.Type17->Size = 8192MB
0:100  0:000  SmbiosTable.Type17->Bank/Device = BANK 0 ChannelA-DIMM0
0:100  0:000  SmbiosTable.Type17->Vendor = Samsung
0:100  0:000  SmbiosTable.Type17->SerialNumber = 3889CA03
0:100  0:000  SmbiosTable.Type17->PartNumber = M471B1G73QH0-YK0  
0:100  0:000  Type 17 Index = 1
0:100  0:000  Ignoring insane frequency value 0MHz
0:100  0:000  SmbiosTable.Type17->Speed = 0MHz
0:100  0:000  SmbiosTable.Type17->Size = 0MB
0:100  0:000  SmbiosTable.Type17->Bank/Device = BANK 1 ChannelA-DIMM1
0:100  0:000  SmbiosTable.Type17->Vendor = <null string>
0:100  0:000  SmbiosTable.Type17->SerialNumber = <null string>
0:100  0:000  SmbiosTable.Type17->PartNumber = <null string>
0:100  0:000  Type 17 Index = 2
0:100  0:000  SmbiosTable.Type17->Speed = 1600MHz
0:100  0:000  SmbiosTable.Type17->Size = 8192MB
0:100  0:000  SmbiosTable.Type17->Bank/Device = BANK 2 ChannelB-DIMM0
0:100  0:000  SmbiosTable.Type17->Vendor = Samsung
0:100  0:000  SmbiosTable.Type17->SerialNumber = 9AE5BAD5
0:100  0:000  SmbiosTable.Type17->PartNumber = M471B1G73DB0-YK0  
0:100  0:000  Type 17 Index = 3
0:100  0:000  Ignoring insane frequency value 0MHz
0:100  0:000  SmbiosTable.Type17->Speed = 0MHz
0:100  0:000  SmbiosTable.Type17->Size = 0MB
0:100  0:000  SmbiosTable.Type17->Bank/Device = BANK 3 ChannelB-DIMM1
0:100  0:000  SmbiosTable.Type17->Vendor = <null string>
0:100  0:000  SmbiosTable.Type17->SerialNumber = <null string>
0:100  0:000  SmbiosTable.Type17->PartNumber = <null string>
0:100  0:000  Boot status=0
0:100  0:000  Running on: 'P17SM-A ' with board 'P17SM-A '
0:100  0:000  === [ GetCPUProperties ] ==================================
0:100  0:000  CPU Vendor = 756E6547 Model=306C3
0:100  0:000   The CPU supported SSE4.1
0:100  0:000  BrandString = Intel(R) Core(TM) i7-4710MQ CPU @ 2.50GHz
0:100  0:000   The CPU supported turbo
0:100  0:000  MSR 0x35               40008
0:100  0:000  MSR 0xE2 before patch 1E008405
0:100  0:000  MSR 0xE2 is locked, PM patches will be turned on
0:100  0:000  MSR 0xCE              00080838_F3011900
0:100  0:000  corrected FLEX_RATIO = 40000
0:100  0:000  MSR 0x1B0             00000000
0:100  0:000  FSBFrequency = 100 MHz, DMI FSBFrequency = 100 MHz, Corrected FSBFrequency = 100 MHz
0:100  0:000  MaxDiv/MinDiv: 25.0/8
0:100  0:000  Turbo: 33/33/34/35
0:100  0:000  Features: 0xBFEBFBFF
0:100  0:000  Threads: 8
0:100  0:000  Cores: 4
0:100  0:000  FSB: 100 MHz
0:100  0:000  CPU: 2500 MHz
0:100  0:000  TSC: 2500 MHz
0:100  0:000  PIS: 100 MHz
0:100  0:000  ExternalClock: 25 MHz
0:100  0:000  === [ GetDevices ] ========================================
0:100  0:000  PCI (00|00:00.00) : 8086 0C04 class=060000
0:100  0:000  PCI (00|00:01.00) : 8086 0C01 class=060400
0:100  0:000  PCI (00|01:00.00) : 10DE 1C60 class=030000
0:100  0:000   - GFX: Model=Clevo GeForce GTX 1060 family 136 (Pascal)
0:100  0:000  PCI (00|00:02.00) : 8086 0416 class=030000
0:100  0:000   - GFX: Model=Intel HD Graphics 4600 (Intel)
0:100  0:000  PCI (00|00:03.00) : 8086 0C0C class=040300
0:100  0:000  PCI (00|00:14.00) : 8086 8C31 class=0C0330
0:100  0:000  PCI (00|00:16.00) : 8086 8C3A class=078000
0:100  0:000  PCI (00|00:16.01) : FFFF FFFF class=FFFFFF
0:100  0:000  PCI (00|00:1A.00) : 8086 8C2D class=0C0320
0:100  0:000  PCI (00|00:1B.00) : 8086 8C20 class=040300
0:100  0:000  PCI (00|00:1C.00) : 8086 8C10 class=060400
0:100  0:000  PCI (00|00:1C.01) : 8086 8C12 class=060400
0:100  0:000  PCI (00|03:00.00) : 104C 823E class=060400
0:100  0:000  PCI (00|04:00.00) : 104C 823F class=0C0010
0:100  0:000  PCI (00|00:1C.02) : 8086 8C14 class=060400
0:100  0:000  PCI (00|05:00.00) : 10EC 5289 class=FF0000
0:100  0:000  PCI (00|05:00.02) : 10EC 8168 class=020000
0:100  0:000   - LAN: 0 Vendor=Realtek
0:100  0:000  PCI (00|00:1C.03) : 8086 8C16 class=060400
0:100  0:000  PCI (00|06:00.00) : 14E4 43B1 class=028000
0:100  0:000   - WIFI: Vendor=Broadcom
0:100  0:000  PCI (00|00:1D.00) : 8086 8C26 class=0C0320
0:100  0:000  PCI (00|00:1F.00) : 8086 8C4B class=060100
0:100  0:000  PCI (00|00:1F.02) : 8086 8C03 class=010601
0:100  0:000  PCI (00|00:1F.03) : 8086 8C22 class=0C0500
0:100  0:000  PCI (00|00:1F.06) : FFFF FFFF class=FFFFFF
0:100  0:000  === [ GetDefaultSettings ] ================================
0:100  0:000  Clover load options size = 0 bytes
0:103  0:002  EFI\CLOVER\config.plist loaded: Success
0:132  0:029  === [ GetListOfThemes ] ===================================
0:132  0:000  - [00]: RANDOM
0:133  0:001  - [00]: EMBEDDED
0:134  0:001  === [ Found config plists ] ===============================
0:134  0:000  - config.plist
0:134  0:000  === [ GetEarlyUserSettings ] ==============================
0:134  0:000  timeout set to 5
0:134  0:000  Custom boot CUSTOM_BOOT_DISABLED (0x0)
0:134  0:000  KextsToPatch: 1 requested
0:134  0:000   - [00]: AirPortBrcm4360 (AirPortBrcm4360) :: BinPatch :: data len: 8
0:134  0:000  Default theme: Universe
0:134  0:000  === [ LoadDrivers ] =======================================
0:138  0:003  Loading ApfsDriverLoader-64.efi  status=Success
0:139  0:001   - driver needs connecting
0:139  0:000  Loading FSInject-64.efi  status=Success
0:141  0:001  Loading HFSPlus-64.efi  status=Success
0:141  0:000   - driver needs connecting
0:141  0:000  Loading OsxAptioFixDrv-64.efi  status=Success
0:143  0:001  Loading OsxFatBinaryDrv-64.efi  status=Success
0:144  0:001  2 drivers needs connecting ...
0:144  0:000  PlatformDriverOverrideProtocol not found. Installing ... Success
0:144  0:000  HFS+ driver loaded
0:144  0:000  APFS driver loaded
0:144  0:000  Searching for invalid DiskIo BY_DRIVER connects: not found, all ok
0:491  0:347  === [ InitScreen ] ========================================
0:491  0:000  Console modes reported: 4, available modes:
0:491  0:000   - [01]: 80x25 (current mode)
0:491  0:000   - [02]: 80x50
0:491  0:000   - [03]: 100x31
0:491  0:000   - [04]: 240x56
0:491  0:000  SetScreenResolution: 1920x1080 - already set
0:491  0:000  reinit: self device path=PciRoot(0x0)\Pci(0x1F,0x2)\Sata(0x4,0xFFFF,0x0)\HD(1,GPT,1CD976F9-3503-4490-8E87-3FD3C97AEA1B,0x28,0x64000)
0:492  0:000  Using embedded font: Success
0:493  0:000  === [ GetMacAddress ] =====================================
0:493  0:000  MAC address of LAN #0= 80:FA:5B:01:0D:DB:
0:493  0:000  MAC address of LAN #1= 80:FA:5B:01:0D:DB:
0:493  0:000  MAC address of LAN #2= 80:FA:5B:01:0D:DB:
0:493  0:000  MAC address of LAN #3= 80:FA:5B:01:0D:DB:
0:493  0:000  === [ ScanSPD ] ===========================================
0:493  0:000  Scanning SMBus [8086:8C22], mmio: 0xF7D19004, ioport: 0xF040, hostc: 0x11
0:512  0:018  Slot: 0 Type 24 8192MB 1600MHz Vendor=Samsung PartNo=M471B1G73QH0-YK0 SerialNo=030808090C0A0003
0:530  0:018  Slot: 2 Type 24 8192MB 1600MHz Vendor=Samsung PartNo=M471B1G73DB0-YK0 SerialNo=090A0E050B0A0D05
0:531  0:000  === [ GetAcpiTablesList ] =================================
0:560  0:029  Get Acpi Tables List from RSDT:
0:560  0:000   - [00]: FACP  A M I len=132
0:560  0:000   - [01]: APIC  A M I len=146
0:560  0:000   - [02]: FPDT  A M I len=68
0:560  0:000   - [03]: ASF!   HCG len=165
0:560  0:000   - [04]: SSDT  PtidDevc len=3986
0:560  0:000   - [05]: SSDT  Cpu0Ist len=1337
0:560  0:000   - [06]: SSDT  CpuPm len=2776
0:560  0:000   - [07]: MCFG  A M I len=60
0:560  0:000   - [08]: HPET  A M I len=56
0:560  0:000   - [09]: SSDT  SataTabl len=789
0:560  0:000   - [10]: SSDT  SaSsdt  len=7245
0:560  0:000   - [11]: SSDT  SgPeg len=3722
0:560  0:000   - [12]: SSDT  OptTabl len=5476
0:560  0:000   - [13]: BGRT  A M I len=56
0:560  0:000  Calibrated TSC Frequency = 2494224956 = 2494MHz
0:560  0:000  === [ GetUserSettings ] ===================================
0:560  0:000  Add 1 devices:
0:560  0:000  USB FixOwnership: yes
0:560  0:000   - final DSDT Fix mask=10000000
0:560  0:000  PluginType: 1
0:560  0:000  ResetAddr: 0xCF9
0:560  0:000  Calc ResetVal: 0x6
0:560  0:000  ResetVal: 0x6
0:560  0:000  Using ProductName from config: MacBookPro15,1
0:560  0:000  Found same BiosVersion in clover and config
0:560  0:000  BiosVersion: MBP151.88Z.F000.B00.1809280842
0:560  0:000  BiosReleaseDate: 09/28/2018
0:560  0:000  Using EfiVersion from config: 220.250.320.0.0
0:560  0:000  Using FirmwareFeatures from config: 0xFC0FE137
0:560  0:000  Using FirmwareFeaturesMask from config: 0xFF1FFF3F
0:560  0:000  Board-ID set from config as Mac-937A206F2EE63C01
0:560  0:000  BoardType: 0xA
0:560  0:000  ChassisType: 0x9
0:560  0:000  QPI: 0MHz
0:560  0:000  CpuFreq: 2494MHz
0:560  0:000  CpuType: 705
0:560  0:000  Converted CustomUUID 314CA4D1-63DC-4C1F-A41F-9B2E4996AD24
0:561  0:000  === [ Found DSDT tables ] =================================
0:563  0:002  - DSDT.AML
0:696  0:132  === [ ScanVolumes ] =======================================
0:696  0:000  Found 19 volumes with blockIO
0:696  0:000  - [00]: Volume: PciRoot(0x0)\Pci(0x1F,0x2)\Sata(0x0,0xFFFF,0x0)
0:711  0:015  - [01]: Volume: PciRoot(0x0)\Pci(0x1F,0x2)\Sata(0x3,0xFFFF,0x0)
0:711  0:000          Found optical drive
0:711  0:000  - [02]: Volume: PciRoot(0x0)\Pci(0x1F,0x2)\Sata(0x4,0xFFFF,0x0)
0:712  0:000  - [03]: Volume: PciRoot(0x0)\Pci(0x1F,0x2)\Sata(0x5,0xFFFF,0x0)
0:713  0:000          Result of bootcode detection: bootable unknown (legacy)
0:713  0:000  - [04]: Volume: PciRoot(0x0)\Pci(0x1F,0x2)\Sata(0x0,0xFFFF,0x0)\HD(1,GPT,0262ACF5-48ED-4C1A-B24B-EDFB1ECC1B19,0x800,0x1D0F3800)
0:720  0:007          Result of bootcode detection: bootable Windows (vista,win)
0:720  0:000  - [05]: Volume: PciRoot(0x0)\Pci(0x1F,0x2)\Sata(0x0,0xFFFF,0x0)\HD(2,GPT,7E1CBB68-0ECF-11E7-8A27-ED4C614613DC,0x1D0F4790,0x1D28F070)
0:735  0:015          Result of bootcode detection: bootable Windows (vista,win)
0:746  0:011  - [06]: Volume: PciRoot(0x0)\Pci(0x1F,0x2)\Sata(0x0,0xFFFF,0x0)\HD(3,GPT,4C018DC0-F9BD-459A-81F8-9F6A66B0F236,0x3A383800,0x1D1C1800)
0:761  0:014          Result of bootcode detection: bootable Windows (vista,win)
0:774  0:013  - [07]: Volume: PciRoot(0x0)\Pci(0x1F,0x2)\Sata(0x0,0xFFFF,0x0)\HD(4,GPT,3B86172A-01C2-4C2C-A0F4-A4A3666DE39F,0x57545000,0x1D1C1000)
0:795  0:020          Result of bootcode detection: bootable Windows (vista,win)
0:799  0:004  - [08]: Volume: PciRoot(0x0)\Pci(0x1F,0x2)\Sata(0x4,0xFFFF,0x0)\HD(1,GPT,1CD976F9-3503-4490-8E87-3FD3C97AEA1B,0x28,0x64000)
0:799  0:000          Result of bootcode detection: bootable unknown (legacy)
0:809  0:009          This is SelfVolume !!
0:809  0:000  - [09]: Volume: PciRoot(0x0)\Pci(0x1F,0x2)\Sata(0x4,0xFFFF,0x0)\HD(2,GPT,06CE3799-8EFB-4B3B-985F-6412B1D0156A,0x64028,0xEE18260)
0:810  0:000          Result of bootcode detection: bootable unknown (legacy)
0:810  0:000  - [10]: Volume: PciRoot(0x0)\Pci(0x1F,0x2)\Sata(0x5,0xFFFF,0x0)\HD(1,GPT,78F48A4D-5AB3-47F9-A3CC-61640B3786F3,0x800,0xF9800)
0:810  0:000          Result of bootcode detection: bootable Windows (vista,win)
0:810  0:000  - [11]: Volume: PciRoot(0x0)\Pci(0x1F,0x2)\Sata(0x5,0xFFFF,0x0)\HD(2,GPT,0A50F5E2-13C2-4298-9D55-CED0CF48B211,0xFA000,0x960E6)
0:811  0:000          Result of bootcode detection: bootable Windows (vista,win)
0:815  0:003  - [12]: Volume: PciRoot(0x0)\Pci(0x1F,0x2)\Sata(0x5,0xFFFF,0x0)\HD(3,GPT,7B7ADD24-A3C1-49C0-AAF7-D42EEC76CF4B,0x1900E6,0x8001)
0:815  0:000  - [13]: Volume: PciRoot(0x0)\Pci(0x1F,0x2)\Sata(0x5,0xFFFF,0x0)\HD(4,GPT,4396F144-42C0-4855-81D0-B3A058AA95EA,0x19BD30,0xF737501)
0:816  0:000          Result of bootcode detection: bootable Windows (vista,win)
0:817  0:000  - [14]: Volume: PciRoot(0x0)\Pci(0x1F,0x2)\Sata(0x5,0xFFFF,0x0)\HD(5,GPT,891E5D4F-F5FD-417B-B3FC-3C2AB0CA5D1A,0xF8D3238,0x24DF8F65)
0:817  0:000          Result of bootcode detection: bootable Windows (vista,win)
0:818  0:000  - [15]: Volume: PciRoot(0x0)\Pci(0x1F,0x2)\Sata(0x4,0xFFFF,0x0)\HD(2,GPT,06CE3799-8EFB-4B3B-985F-6412B1D0156A,0x64028,0xEE18260)\VenMedia(BE74FCF7-0B7C-49F3-9147-01F4042E6842,4D94C85EF2E8584594A75F4F96845202)
0:818  0:000  - [16]: Volume: PciRoot(0x0)\Pci(0x1F,0x2)\Sata(0x4,0xFFFF,0x0)\HD(2,GPT,06CE3799-8EFB-4B3B-985F-6412B1D0156A,0x64028,0xEE18260)\VenMedia(BE74FCF7-0B7C-49F3-9147-01F4042E6842,78CA459B4719E7378B6816383AEFE61D)
0:818  0:000  - [17]: Volume: PciRoot(0x0)\Pci(0x1F,0x2)\Sata(0x4,0xFFFF,0x0)\HD(2,GPT,06CE3799-8EFB-4B3B-985F-6412B1D0156A,0x64028,0xEE18260)\VenMedia(BE74FCF7-0B7C-49F3-9147-01F4042E6842,454830B609265B418EA60F4474B5F5F4)
0:818  0:000  - [18]: Volume: PciRoot(0x0)\Pci(0x1F,0x2)\Sata(0x4,0xFFFF,0x0)\HD(2,GPT,06CE3799-8EFB-4B3B-985F-6412B1D0156A,0x64028,0xEE18260)\VenMedia(BE74FCF7-0B7C-49F3-9147-01F4042E6842,F097D21B64AC034E9BB0EBF2B8F4990D)
0:818  0:000  No AudioIoProtocols, status=Not Found
0:818  0:000  === [ InitTheme ] =========================================
0:818  0:000  use daylight theme
0:818  0:000   using embedded theme
0:818  0:000  got embedded sound
0:818  0:000    Channels: 2  Sample rate: 8000 Hz  Bits: 16
0:818  0:000  output to channel 0 with volume 70, len=25600
0:818  0:000   sound channels=2 bits=16 freq=8000
0:818  0:000  sound converted to 48kHz
0:818  0:000  not found AudioIo to play
0:818  0:000  sound play end with status=BA0F42F2
0:819  0:000  Using embedded font: Success
0:819  0:000  theme inited
0:819  0:000  Chosen embedded theme
0:819  0:000  found boot-args in NVRAM:, size=1
0:819  0:000  after NVRAM boot-args=arch=x86_64 nv_disable=1 kext-dev-mode=1 -cdfon
0:819  0:000  === [ Dump SMC keys from NVRAM ] ==========================
0:819  0:000  no AppleSMC protocol
0:836  0:016  === [ ScanLoader ] ========================================
0:836  0:000  - [04]: 'WinE'
0:836  0:000  - [05]: 'WinF'
0:836  0:000  - [06]: 'WinG'
0:836  0:000  - [07]: 'WinH'
0:836  0:000  - [08]: 'EFI'
1:747  0:911          AddLoaderEntry for Volume Name=EFI
1:747  0:000          skipped because entry is hidden
1:747  0:000  - [10]: 'b'
1:747  0:000  - [11]: 'EFI'
1:747  0:000          AddLoaderEntry for Volume Name=EFI
1:749  0:001          AddLoaderEntry for Volume Name=EFI
1:749  0:000          skipped because entry is hidden
1:749  0:000  - [13]: 'WinC'
1:749  0:000  - [14]: 'WinD'
1:749  0:000  - [15]: 'Preboot'
1:756  0:006          AddLoaderEntry for Volume Name=Preboot
1:763  0:007      Check if volume Is Hibernated:
1:763  0:000      Check sleep image 'by signature':
1:764  0:000      using default sleep image name = \private\var\vm\sleepimage
1:764  0:000      sleepimage not found -> Not Found
1:764  0:000      hibernated: no - sign
1:767  0:002          AddLoaderEntry for Volume Name=Preboot
1:784  0:017  - [16]: 'MacOS'
1:857  0:072          AddLoaderEntry for Volume Name=MacOS
1:873  0:015      Check if volume Is Hibernated:
1:873  0:000      Check sleep image 'by signature':
1:902  0:028      read prefs \Library\Preferences\com.apple.PowerManagement.plist status=Success
1:902  0:000      using default sleep image name = \private\var\vm\sleepimage
1:919  0:017      sleepimage not found -> Not Found
1:919  0:000      hibernated: no - sign
3:439  1:519          AddLoaderEntry for Volume Name=MacOS
3:439  0:000          skipped because entry is hidden
3:439  0:000  - [17]: 'Recovery'
3:443  0:004          AddLoaderEntry for Volume Name=Recovery
3:458  0:014  - [18]: 'VM'
3:458  0:000  === [ AddCustomTool ] =====================================
3:459  0:000  === [ GetEfiBootDeviceFromNvram ] =========================
3:459  0:000  Default boot entry not found
3:459  0:000  DefaultIndex=-1 and MainMenu.EntryCount=9
3:513  0:053  GUI ready
